!IPSummaryDump 1.3
!creator "ipsumdump -tL -r tcp1_enp132s0f0np0-1.pcap"
!host inetlab-04
!runtime 1542919806.930580605 (Thu Nov 22 21:50:06 2018)
!data timestamp payload_len
1542724495.218091 0
1542724495.278346 0
1542724495.278479 0
1542724495.278545 46
1542724495.338711 0
1542724495.340080 14480
1542724495.341444 0
1542724495.402921 28960
1542724495.404299 0
1542724495.464653 47784
1542724495.464811 0
1542724495.474351 10136
1542724495.475667 0
1542724495.525134 47784
1542724495.525286 0
1542724495.534837 47784
1542724495.534990 0
1542724495.544829 11584
1542724495.546157 0
1542724495.547249 8688
1542724495.548559 0
1542724495.585571 47784
1542724495.585754 0
1542724495.595271 31856
1542724495.596598 0
1542724495.601935 47784
1542724495.602082 0
1542724495.611925 47784
1542724495.612074 0
1542724495.621920 23168
1542724495.623232 0
1542724495.626736 26064
1542724495.628034 0
1542724495.632189 968
1542724495.633508 0
1542724495.645931 20272
1542724495.647263 0
1542724495.649879 480
1542724495.649958 47784
1542724495.650059 0
1542724495.650119 0
1542724495.659953 31856
1542724495.661282 0
1542724495.666614 47784
1542724495.666783 0
1542724495.676608 11584
1542724495.677920 0
1542724495.679027 47784
1542724495.679159 0
1542724495.689058 47784
1542724495.689206 0
1542724495.699015 1448
1542724495.699315 24616
1542724495.699403 0
1542724495.699434 0
1542724495.704504 47784
1542724495.704650 0
1542724495.714493 17376
1542724495.715852 0
1542724495.718129 46336
1542724495.719458 0
1542724495.727818 47784
1542724495.727952 0
1542724495.737774 5792
1542724495.738981 10136
1542724495.739062 0
1542724495.740246 0
1542724495.741101 33304
1542724495.742456 0
1542724495.748069 24616
1542724495.749413 0
1542724495.753216 41992
1542724495.754540 0
1542724495.762035 31856
1542724495.763387 0
1542724495.768694 47784
1542724495.768865 0
1542724495.778688 2896
1542724495.779253 33304
1542724495.779329 0
1542724495.779370 0
1542724495.786221 47784
1542724495.786364 0
1542724495.796212 47784
1542724495.796353 0
1542724495.806243 4344
1542724495.807112 47784
1542724495.807252 0
1542724495.807283 0
1542724495.817106 47784
1542724495.817250 0
1542724495.827097 47784
1542724495.827245 0
1542724495.837129 13032
1542724495.838423 0
1542724495.839815 47784
1542724495.839951 0
1542724495.849809 21720
1542724495.851107 0
1542724495.854352 47784
1542724495.854508 0
1542724495.864381 10136
1542724495.865717 0
1542724495.866463 47784
1542724495.866623 0
1542724495.876493 5792
1542724495.877664 39096
1542724495.877734 0
1542724495.878996 0
1542724495.885842 47784
1542724495.886018 0
1542724495.895838 43440
1542724495.897160 0
1542724495.904957 47784
1542724495.905153 0
1542724495.914949 47784
1542724495.915096 0
1542724495.924941 11584
1542724495.926291 0
1542724495.927325 23168
1542724495.928652 0
1542724495.932208 47784
1542724495.932378 0
1542724495.942200 17376
1542724495.943553 0
1542724495.945795 18824
1542724495.945936 0
1542724495.949770 23168
1542724495.951161 0
1542724495.954579 47784
1542724495.954750 0
1542724495.964571 40544
1542724495.965877 0
1542724495.973086 47784
1542724495.973235 0
1542724495.983039 10136
1542724495.984294 0
1542724495.985160 47784
1542724495.985308 0
1542724495.995192 47784
1542724495.995338 0
1542724496.005144 8688
1542724496.006451 0
1542724496.006960 8688
1542724496.008243 0
1542724496.008776 47784
1542724496.008912 0
1542724496.018772 8688
1542724496.020042 0
1542724496.020586 47784
1542724496.020709 0
1542724496.030618 47784
1542724496.030762 0
1542724496.040572 8688
1542724496.041853 0
1542724496.042387 47784
1542724496.042507 0
1542724496.052381 44888
1542724496.053752 0
1542724496.061768 47784
1542724496.061921 0
1542724496.071799 2896
1542724496.072365 47784
1542724496.072454 0
1542724496.072486 0
1542724496.082396 4344
1542724496.083266 47784
1542724496.083352 0
1542724496.083380 0
1542724496.093260 11584
1542724496.094555 0
1542724496.095680 47784
1542724496.095844 0
1542724496.105676 5792
1542724496.106883 23168
1542724496.106965 0
1542724496.108224 0
1542724496.111767 47784
1542724496.111954 0
1542724496.121761 10136
1542724496.123057 0
1542724496.123841 14480
1542724496.123983 0
1542724496.126871 30408
1542724496.128266 0
1542724496.133268 10136
1542724496.134527 0
1542724496.135347 10136
1542724496.136636 0
1542724496.137467 34752
1542724496.138797 0
1542724496.144774 47784
1542724496.144957 0
1542724496.154727 5792
1542724496.155937 43440
1542724496.156009 0
1542724496.157314 0
1542724496.165023 47784
1542724496.165217 0
1542724496.175020 47784
1542724496.175170 0
1542724496.185046 8688
1542724496.186335 0
1542724496.186823 8688
1542724496.188105 0
1542724496.188646 26064
1542724496.190021 0
1542724496.194129 47784
1542724496.194311 0
1542724496.204123 21720
1542724496.205425 0
1542724496.208628 21720
1542724496.209985 0
1542724496.213206 21720
1542724496.214560 0
1542724496.217710 47784
1542724496.217873 0
1542724496.227706 2896
1542724496.228306 43440
1542724496.228387 0
1542724496.229639 0
1542724496.237393 47784
1542724496.237575 0
1542724496.247388 2896
1542724496.247989 7240
1542724496.248049 0
1542724496.249293 0
1542724496.249502 47784
1542724496.249634 0
1542724496.259497 2896
1542724496.260100 47784
1542724496.260183 0
1542724496.260233 0
1542724496.270096 2896
1542724496.270698 7240
1542724496.270769 0
1542724496.272012 0
1542724496.272214 11584
1542724496.273575 0
1542724496.274673 47784
1542724496.274845 0
1542724496.284630 2896
1542724496.285232 11584
1542724496.285298 0
1542724496.286589 0
1542724496.287694 24616
1542724496.289072 0
1542724496.292806 23168
1542724496.294163 0
1542724496.297652 47784
1542724496.297810 0
1542724496.307642 11584
1542724496.308927 0
1542724496.310063 47784
1542724496.310199 0
1542724496.320058 47784
1542724496.320206 0
1542724496.330050 4344
1542724496.330955 47784
1542724496.331041 0
1542724496.331114 0
1542724496.340949 47784
1542724496.341087 0
1542724496.350942 5792
1542724496.352152 5792
1542724496.352245 0
1542724496.353363 47784
1542724496.353431 0
1542724496.353504 0
1542724496.363357 11584
1542724496.364613 0
1542724496.365777 47784
1542724496.365956 0
1542724496.375810 5792
1542724496.376981 5792
1542724496.377042 0
1542724496.378192 23168
1542724496.378261 0
1542724496.379563 0
1542724496.383040 47784
1542724496.383213 0
1542724496.393070 11584
1542724496.394419 0
1542724496.395454 17376
1542724496.396774 0
1542724496.399086 30408
1542724496.400443 0
1542724496.405484 11584
1542724496.406833 0
1542724496.407869 11584
1542724496.409163 0
1542724496.410290 36200
1542724496.411662 0
1542724496.417899 41992
1542724496.418093 0
1542724496.426645 5792
1542724496.427851 5792
1542724496.427943 0
1542724496.429063 46336
1542724496.429130 0
1542724496.430409 0
1542724496.438754 47784
1542724496.438930 0
1542724496.448747 47784
1542724496.448893 0
1542724496.458741 5792
1542724496.459950 5792
1542724496.460031 0
1542724496.461162 11584
1542724496.461194 0
1542724496.462478 0
1542724496.463583 30408
1542724496.464951 0
1542724496.469943 46336
1542724496.471346 0
1542724496.479632 24616
1542724496.480983 0
1542724496.484782 23168
1542724496.486120 0
1542724496.489663 23168
1542724496.490959 0
1542724496.494468 47784
1542724496.494620 0
1542724496.504465 5792
1542724496.505671 24616
1542724496.505752 0
1542724496.506972 0
1542724496.510858 17376
1542724496.512135 0
1542724496.514454 34752
1542724496.515851 0
1542724496.521721 18824
1542724496.523078 0
1542724496.525657 2896
1542724496.526262 5792
1542724496.526322 0
1542724496.527473 47784
1542724496.527570 0
1542724496.527625 0
1542724496.537466 2896
1542724496.538070 47784
1542724496.538153 0
1542724496.538207 0
1542724496.548066 5792
1542724496.549274 4344
1542724496.549358 0
1542724496.550183 5792
1542724496.550232 0
1542724496.551393 11584
1542724496.551469 0
1542724496.552703 0
1542724496.553816 47784
1542724496.553981 0
1542724496.563847 1448
1542724496.564111 5792
1542724496.565322 11584
1542724496.565404 0
1542724496.566684 0
1542724496.567752 23168
1542724496.569083 0
1542724496.572629 24616
1542724496.574029 0
1542724496.577778 47784
1542724496.577942 0
1542724496.587770 4344
1542724496.588638 13032
1542724496.588750 0
1542724496.589997 0
1542724496.591402 46336
1542724496.592795 0
1542724496.601054 47784
1542724496.601233 0
1542724496.611048 5792
1542724496.612257 47784
1542724496.612335 0
1542724496.612384 0
1542724496.622250 5792
1542724496.623461 47784
1542724496.623539 0
1542724496.623624 0
1542724496.633455 11584
1542724496.634791 0
1542724496.635913 47784
1542724496.636085 0
1542724496.645908 5792
1542724496.647079 11584
1542724496.647141 0
1542724496.648438 0
1542724496.649540 47784
1542724496.649706 0
1542724496.659534 5792
1542724496.660705 5792
1542724496.660770 0
1542724496.661916 5792
1542724496.661988 0
1542724496.663127 23168
1542724496.663204 0
1542724496.664457 0
1542724496.667972 47784
1542724496.668156 0
1542724496.677967 11584
1542724496.679269 0
1542724496.680388 17376
1542724496.681768 0
1542724496.684061 36200
1542724496.685437 0
1542724496.691593 11584
1542724496.692895 0
1542724496.694013 11584
1542724496.695315 0
1542724496.696435 36200
1542724496.697826 0
1542724496.704044 41992
1542724496.704178 0
1542724496.712788 5792
1542724496.714002 5792
1542724496.714072 0
1542724496.715209 5792
1542724496.715278 0
1542724496.716421 47784
1542724496.716493 0
1542724496.716570 0
1542724496.726416 47784
1542724496.726572 0
1542724496.736427 4344
1542724496.737314 47784
1542724496.737398 0
1542724496.737438 0
1542724496.747309 5792
1542724496.748517 5792
1542724496.748607 0
1542724496.749741 0
1542724496.749753 11584
1542724496.751012 0
1542724496.752150 30408
1542724496.753526 0
1542724496.758511 47784
1542724496.758689 0
1542724496.768503 5792
1542724496.769713 23168
1542724496.769790 0
1542724496.771090 0
1542724496.774598 23168
1542724496.775948 0
1542724496.779405 24616
1542724496.780715 0
1542724496.784551 34752
1542724496.785928 0
1542724496.791821 18824
1542724496.793119 0
1542724496.795792 5792
1542724496.796966 23168
1542724496.797029 0
1542724496.798338 0
1542724496.801811 17376
1542724496.803133 0
1542724496.805482 36200
1542724496.806812 0
1542724496.813017 23168
1542724496.814364 0
1542724496.817859 2896
1542724496.818464 47784
1542724496.818563 0
1542724496.818613 0
1542724496.828457 8688
1542724496.829746 0
1542724496.830273 47784
1542724496.830409 0
1542724496.840271 5792
1542724496.841476 5792
1542724496.841566 0
1542724496.842687 11584
1542724496.842769 0
1542724496.844007 0
1542724496.845109 11584
1542724496.846405 0
1542724496.847532 47784
1542724496.847701 0
1542724496.857565 5792
1542724496.858736 11584
1542724496.858803 0
1542724496.860052 0
1542724496.861160 24616
1542724496.862478 0
1542724496.866344 28960
1542724496.867726 0
1542724496.872364 47784
1542724496.872546 0
1542724496.882358 5792
1542724496.883566 11584
1542724496.883600 0
1542724496.884930 0
1542724496.886026 47784
1542724496.886193 0
1542724496.895983 5792
1542724496.897193 47784
1542724496.897227 0
1542724496.897354 0
1542724496.907188 5792
1542724496.908395 47784
1542724496.908484 0
1542724496.908520 0
1542724496.918390 47784
1542724496.918548 0
1542724496.928381 10136
1542724496.929678 0
1542724496.930501 1448
1542724496.930802 11584
1542724496.932143 0
1542724496.933265 47784
1542724496.933432 0
1542724496.943257 4344
1542724496.944125 1448
1542724496.944234 0
1542724496.944428 17376
1542724496.945790 0
1542724496.948102 47784
1542724496.948279 0
1542724496.958095 5792
1542724496.959266 5792
1542724496.959376 0
1542724496.960477 5792
1542724496.960557 0
1542724496.961688 23168
1542724496.961766 0
1542724496.963020 0
1542724496.966533 47784
1542724496.966721 0
1542724496.976527 5792
1542724496.977736 11584
1542724496.977818 0
1542724496.979050 0
1542724496.980159 17376
1542724496.981520 0
1542724496.983833 36200
1542724496.985227 0
1542724496.991366 11584
1542724496.992652 0
1542724496.993785 17376
1542724496.995080 0
1542724496.997420 36200
1542724496.998753 0
1542724497.004992 36200
1542724497.005130 0
1542724497.012560 5792
1542724497.013770 5792
1542724497.013849 0
1542724497.014981 5792
1542724497.015060 0
1542724497.016192 47784
1542724497.016270 0
1542724497.016345 0
1542724497.026186 11584
1542724497.027481 0
1542724497.028608 46336
1542724497.029943 0
1542724497.038300 47784
1542724497.038477 0
1542724497.048290 11584
1542724497.049578 0
1542724497.050712 5792
1542724497.051922 5792
1542724497.051994 0
1542724497.053133 13032
1542724497.053207 0
1542724497.054490 0
1542724497.055898 28960
1542724497.057238 0
1542724497.061916 47784
1542724497.062065 0
1542724497.071909 11584
1542724497.073193 0
1542724497.074367 23168
1542724497.075750 0
1542724497.079215 24616
1542724497.080560 0
1542724497.084324 23168
1542724497.085677 0
1542724497.089170 36200
1542724497.090547 0
1542724497.096739 23168
1542724497.098092 0
1542724497.101619 5792
1542724497.102792 24616
1542724497.102909 0
1542724497.104170 0
1542724497.107942 17376
1542724497.109248 0
1542724497.111574 34752
1542724497.112951 0
1542724497.118843 24616
1542724497.120100 0
1542724497.123992 46336
1542724497.125390 0
1542724497.133681 7240
1542724497.134982 0
1542724497.135194 11584
1542724497.136500 0
1542724497.137616 46336
1542724497.139003 0
1542724497.147345 7240
1542724497.148650 0
1542724497.148819 5792
1542724497.150030 11584
1542724497.150097 0
1542724497.151272 0
1542724497.152453 11584
1542724497.153782 0
1542724497.154882 47784
1542724497.155053 0
1542724497.164871 5792
1542724497.166080 5792
1542724497.166169 0
1542724497.167289 11584
1542724497.167304 0
1542724497.168590 0
1542724497.169711 28960
1542724497.171038 0
1542724497.175808 30408
1542724497.177100 0
1542724497.182127 47784
1542724497.182289 0
1542724497.192159 5792
1542724497.193331 11584
1542724497.193394 0
1542724497.194594 0
1542724497.195753 47784
1542724497.195909 0
1542724497.205750 47784
1542724497.205892 0
1542724497.215742 11584
1542724497.217041 0
1542724497.218159 47784
1542724497.218336 0
1542724497.228156 10136
1542724497.229457 0
1542724497.230274 47784
1542724497.230433 0
1542724497.240305 11584
1542724497.241650 0
1542724497.242724 13032
1542724497.244096 0
1542724497.245450 47784
1542724497.245611 0
1542724497.255444 4344
1542724497.256312 4344
1542724497.256423 0
1542724497.257222 20272
1542724497.257337 0
1542724497.258578 0
1542724497.261462 47784
1542724497.261633 0
1542724497.271493 5792
1542724497.272666 5792
1542724497.272778 0
1542724497.273877 5792
1542724497.273957 0
1542724497.275086 23168
1542724497.275168 0
1542724497.276410 0
1542724497.279932 47784
1542724497.280107 0
1542724497.289924 5792
1542724497.291134 5792
1542724497.291222 0
1542724497.292345 11584
1542724497.292428 0
1542724497.293664 0
1542724497.294768 18824
1542724497.296132 0
1542724497.298745 34752
1542724497.300081 0
1542724497.305973 17376
1542724497.307313 0
1542724497.309611 13032
1542724497.309741 0
1542724497.312331 40544
1542724497.313654 0
1542724497.320813 36200
1542724497.322147 0
1542724497.328382 5792
1542724497.329590 5792
1542724497.329674 0
1542724497.330801 47784
1542724497.330888 0
1542724497.330929 0
1542724497.340796 11584
1542724497.342090 0
1542724497.343217 11584
1542724497.344510 0
1542724497.345638 47784
1542724497.345797 0
1542724497.355634 47784
1542724497.355775 0
1542724497.365663 5792
1542724497.366835 11584
1542724497.366899 0
1542724497.368151 0
1542724497.369257 5792
1542724497.370468 5792
1542724497.370548 0
1542724497.371679 11584
1542724497.371758 0
1542724497.372994 0
1542724497.374102 30408
1542724497.375447 0
1542724497.380462 47784
1542724497.380628 0
1542724497.390492 4344
1542724497.391361 13032
1542724497.391427 0
1542724497.392608 0
1542724497.394087 23168
1542724497.395452 0
1542724497.398932 23168
1542724497.400248 0
1542724497.403777 24616
1542724497.405114 0
1542724497.408924 40544
1542724497.410322 0
1542724497.417444 24616
1542724497.418759 0
1542724497.422552 5792
1542724497.423762 23168
1542724497.423843 0
1542724497.425154 0
1542724497.428609 2896
1542724497.429211 17376
1542724497.429275 0
1542724497.430465 0
1542724497.432848 33304
1542724497.434247 0
1542724497.439849 28960
1542724497.441164 0
1542724497.445905 47784
1542724497.446074 0
1542724497.455858 5792
1542724497.457069 11584
1542724497.457146 0
1542724497.458379 0
1542724497.459491 47784
1542724497.459649 0
1542724497.469524 5792
1542724497.470695 5792
1542724497.470807 0
1542724497.471906 5792
1542724497.471980 0
1542724497.473120 13032
1542724497.473190 0
1542724497.474437 0
1542724497.475850 11584
1542724497.477152 0
1542724497.478266 47784
1542724497.478427 0
1542724497.488260 4344
1542724497.489166 1448
1542724497.489269 0
1542724497.489469 5792
1542724497.490680 17376
1542724497.490755 0
1542724497.492036 0
1542724497.494354 28960
1542724497.495733 0
1542724497.500409 30408
1542724497.501739 0
1542724497.506729 47784
1542724497.506897 0
1542724497.516724 11584
1542724497.518033 0
1542724497.519143 11584
1542724497.520426 0
1542724497.521565 47784
1542724497.521745 0
1542724497.531560 47784
1542724497.531702 0
1542724497.541590 4344
1542724497.542458 13032
1542724497.542570 0
1542724497.543717 0
1542724497.545185 46336
1542724497.546567 0
1542724497.554877 13032
1542724497.556176 0
1542724497.557600 46336
1542724497.558978 0
1542724497.567328 11584
1542724497.568676 0
1542724497.569770 5792
1542724497.570921 13032
1542724497.570990 0
1542724497.572293 0
1542724497.573651 28960
1542724497.574999 0
1542724497.579706 17376
1542724497.581052 0
1542724497.583340 7240
1542724497.584594 0
1542724497.584851 5792
1542724497.586061 17376
1542724497.586131 0
1542724497.587418 0
1542724497.589697 23168
1542724497.591078 0
1542724497.594580 30408
1542724497.595909 0
1542724497.600903 5792
1542724497.602111 5792
1542724497.602199 0
1542724497.603322 5792
1542724497.603388 0
1542724497.604532 23168
1542724497.604577 0
1542724497.605903 0
1542724497.609382 13032
1542724497.609498 0
1542724497.612103 40544
1542724497.613431 0
1542724497.620585 5792
1542724497.621792 5792
1542724497.621879 0
1542724497.623006 11584
1542724497.623068 0
1542724497.624325 0
1542724497.625427 18824
1542724497.626792 0
1542724497.629365 34752
1542724497.630680 0
1542724497.636631 18824
1542724497.637976 0
1542724497.640570 11584
1542724497.641865 0
1542724497.642989 11584
1542724497.644289 0
1542724497.645410 36200
1542724497.646793 0
1542724497.652986 34752
1542724497.654306 0
1542724497.660250 5792
1542724497.661458 47784
1542724497.661547 0
1542724497.661597 0
1542724497.671456 11584
1542724497.672752 0
1542724497.673877 11584
1542724497.675171 0
1542724497.676297 11584
1542724497.677593 0
1542724497.678718 47784
1542724497.678864 0
1542724497.688751 47784
1542724497.688902 0
1542724497.698741 5792
1542724497.699916 5792
1542724497.699979 0
1542724497.701125 11584
1542724497.701158 0
1542724497.702438 0
1542724497.703548 5792
1542724497.704759 5792
1542724497.704842 0
1542724497.705970 13032
1542724497.706051 0
1542724497.707291 0
1542724497.708695 28960
1542724497.710018 0
1542724497.714792 23168
1542724497.716089 0
1542724497.719600 30408
1542724497.720946 0
1542724497.725995 4344
1542724497.726864 11584
1542724497.726927 0
1542724497.728231 0
1542724497.729324 26064
1542724497.730660 0
1542724497.734737 23168
1542724497.736030 0
1542724497.739582 23168
1542724497.740859 0
1542724497.744466 47784
1542724497.744645 0
1542724497.754420 23168
1542724497.755761 0
1542724497.759264 5792
1542724497.760475 24616
1542724497.760529 0
1542724497.761848 0
1542724497.765627 5792
1542724497.766834 17376
1542724497.766868 0
1542724497.768152 0
1542724497.770470 30408
1542724497.771862 0
1542724497.776828 34752
1542724497.778170 0
1542724497.784133 47784
1542724497.784307 0
1542724497.794086 5792
1542724497.795295 11584
1542724497.795376 0
1542724497.796608 0
1542724497.797720 36200
1542724497.799103 0
1542724497.805292 17376
1542724497.806629 0
1542724497.808924 5792
1542724497.810134 5792
1542724497.810164 0
1542724497.811345 5792
1542724497.811424 0
1542724497.812556 11584
1542724497.812632 0
1542724497.813875 0
1542724497.814980 13032
1542724497.816289 0
1542724497.817705 47784
1542724497.817866 0
1542724497.827697 4344
1542724497.828604 4344
1542724497.828714 0
1542724497.829512 8688
1542724497.829629 0
1542724497.830849 0
1542724497.831331 17376
1542724497.832688 0
1542724497.835004 28960
1542724497.836387 0
1542724497.841021 30408
1542724497.842350 0
1542724497.847379 47784
1542724497.847551 0
1542724497.857411 5792
1542724497.858582 11584
1542724497.858695 0
1542724497.859893 0
1542724497.861004 11584
1542724497.862289 0
1542724497.863426 47784
1542724497.863585 0
1542724497.873423 47784
1542724497.873568 0
1542724497.883452 5792
1542724497.884625 4344
1542724497.884701 0
1542724497.885531 11584
1542724497.885638 0
1542724497.886835 0
1542724497.887954 40544
1542724497.889280 0
1542724497.896433 8688
1542724497.897688 0
1542724497.898248 11584
1542724497.899559 0
1542724497.900672 47784
1542724497.900835 0
1542724497.910703 4344
1542724497.911572 1448
1542724497.911679 0
1542724497.911874 11584
1542724497.913183 0
1542724497.914298 5792
1542724497.915508 11584
1542724497.915579 0
1542724497.916817 0
1542724497.917931 28960
1542724497.919326 0
1542724497.924025 18824
1542724497.925336 0
1542724497.927923 5792
1542724497.929134 5792
1542724497.929208 0
1542724497.930347 23168
1542724497.930415 0
1542724497.931677 0
1542724497.935190 24616
1542724497.936526 0
1542724497.940342 28960
1542724497.941729 0
1542724497.946398 5792
1542724497.947604 5792
1542724497.947678 0
1542724497.948816 5792
1542724497.948885 0
1542724497.950027 24616
1542724497.950096 0
1542724497.951357 0
1542724497.955177 17376
1542724497.956483 0
1542724497.958812 41992
1542724497.960145 0
1542724497.967591 5792
1542724497.968803 5792
1542724497.968876 0
1542724497.970013 11584
1542724497.970082 0
1542724497.971316 0
1542724497.972434 17376
1542724497.973740 0
1542724497.976067 11584
1542724497.977351 0
1542724497.978490 24616
1542724497.979765 0
1542724497.983639 23168
1542724497.984994 0
1542724497.988484 11584
1542724497.989789 0
1542724497.990906 13032
1542724497.992241 0
1542724497.993630 34752
1542724497.995011 0
1542724498.000899 36200
1542724498.002284 0
1542724498.008469 46336
1542724498.009825 0
1542724498.018161 13032
1542724498.019459 0
1542724498.020920 11584
1542724498.022206 0
1542724498.023332 11584
1542724498.024629 0
1542724498.025728 11584
1542724498.026982 0
1542724498.028150 47784
1542724498.028285 0
1542724498.038182 47784
1542724498.038341 0
1542724498.048138 5792
1542724498.049346 5792
1542724498.049438 0
1542724498.050595 0
1542724498.050599 5792
1542724498.051768 11584
1542724498.051879 0
1542724498.053090 0
1542724498.054191 5792
1542724498.055401 5792
1542724498.055467 0
1542724498.056614 17376
1542724498.056674 0
1542724498.057933 0
1542724498.060248 30408
1542724498.061619 0
1542724498.066645 23168
1542724498.067996 0
1542724498.071453 30408
1542724498.072782 0
1542724498.077849 5792
1542724498.079020 11584
1542724498.079135 0
1542724498.080282 0
1542724498.081442 23168
1542724498.082762 0
1542724498.086288 5792
1542724498.087498 24616
1542724498.087582 0
1542724498.088839 0
1542724498.092647 23168
1542724498.093945 0
1542724498.097531 11584
1542724498.098830 0
1542724498.099913 36200
1542724498.101284 0
1542724498.107523 23168
1542724498.108870 0
1542724498.112331 5792
1542724498.113540 30408
1542724498.113623 0
1542724498.114862 0
1542724498.119902 5792
1542724498.121109 17376
1542724498.121196 0
1542724498.122473 0
1542724498.124745 30408
1542724498.126131 0
1542724498.131103 34752
1542724498.132483 0
1542724498.138407 47784
1542724498.138593 0
1542724498.148367 5792
1542724498.149572 5792
1542724498.149657 0
1542724498.150784 11584
1542724498.150820 0
1542724498.152096 0
1542724498.153206 36200
1542724498.154530 0
1542724498.160807 17376
1542724498.162157 0
1542724498.164412 5792
1542724498.165620 11584
1542724498.165704 0
1542724498.166984 0
1542724498.168051 5792
1542724498.169254 7240
1542724498.169334 0
1542724498.170571 0
1542724498.170769 17376
1542724498.172134 0
1542724498.174441 47784
1542724498.174610 0
1542724498.184396 5792
1542724498.185605 5792
1542724498.185691 0
1542724498.186818 5792
1542724498.186898 0
1542724498.188027 11584
1542724498.188110 0
1542724498.189344 0
1542724498.190451 11584
1542724498.191745 0
1542724498.192873 30408
1542724498.194201 0
1542724498.199270 28960
1542724498.200549 0
1542724498.205290 30408
1542724498.205460 0
1542724498.211651 17376
1542724498.212988 0
1542724498.215320 5792
1542724498.216492 17376
1542724498.216604 0
1542724498.217805 0
1542724498.220126 11584
1542724498.221415 0
1542724498.222547 47784
1542724498.222708 0
1542724498.232541 47784
1542724498.232684 0
1542724498.242572 5792
1542724498.243743 5792
1542724498.243816 0
1542724498.244956 4344
1542724498.245033 0
1542724498.245863 11584
1542724498.245969 0
1542724498.247166 0
1542724498.248285 43440
1542724498.249617 0
1542724498.257411 5792
1542724498.258580 11584
1542724498.258695 0
1542724498.259891 0
1542724498.261002 47784
1542724498.261162 0
1542724498.271034 5792
1542724498.272206 4344
1542724498.272316 0
1542724498.273118 11584
1542724498.273224 0
1542724498.274374 0
1542724498.275537 5792
1542724498.276750 14480
1542724498.276814 0
1542724498.278080 0
1542724498.279777 28960
1542724498.281115 0
1542724498.285873 17376
1542724498.287231 0
1542724498.289469 5792
1542724498.290677 5792
1542724498.290750 0
1542724498.291888 5792
1542724498.291960 0
1542724498.293101 18824
1542724498.293171 0
1542724498.294485 0
1542724498.297076 28960
1542724498.298479 0
1542724498.303095 30408
1542724498.304435 0
1542724498.309452 5792
1542724498.310663 5792
1542724498.310694 0
1542724498.311873 5792
1542724498.311952 0
1542724498.313084 23168
1542724498.313158 0
1542724498.314462 0
1542724498.317931 18824
1542724498.319279 0
1542724498.321868 46336
1542724498.323219 0
1542724498.331556 5792
1542724498.332766 7240
1542724498.332841 0
1542724498.334075 0
1542724498.334280 11584
1542724498.335588 0
1542724498.336703 17376
1542724498.338063 0
1542724498.340376 11584
1542724498.341683 0
1542724498.342759 24616
1542724498.344026 0
1542724498.347908 28960
1542724498.349310 0
1542724498.353966 11584
1542724498.355267 0
1542724498.356392 11584
1542724498.357692 0
1542724498.358846 36200
1542724498.360214 0
1542724498.366378 40544
1542724498.367769 0
1542724498.374857 47784
1542724498.375033 0
1542724498.384888 11584
1542724498.386191 0
1542724498.387271 13032
1542724498.388595 0
1542724498.389997 11584
1542724498.391281 0
1542724498.392418 11584
1542724498.393702 0
1542724498.394840 47784
1542724498.395020 0
1542724498.404872 5792
1542724498.406044 47784
1542724498.406158 0
1542724498.406196 0
1542724498.416077 5792
1542724498.417248 5792
1542724498.417313 0
1542724498.418460 5792
1542724498.418529 0
1542724498.419670 11584
1542724498.419740 0
1542724498.420975 0
1542724498.422093 5792
1542724498.423304 5792
1542724498.423372 0
1542724498.424515 23168
1542724498.424526 0
1542724498.425839 0
1542724498.429360 24616
1542724498.430619 0
1542724498.434548 5792
1542724498.435718 23168
1542724498.435837 0
1542724498.437044 0
1542724498.440603 30408
1542724498.441975 0
1542724498.446926 5792
1542724498.448134 11584
1542724498.448223 0
1542724498.449454 0
1542724498.450558 28960
1542724498.451926 0
1542724498.456613 1448
1542724498.456914 28960
1542724498.458220 0
1542724498.462971 23168
1542724498.464323 0
1542724498.467816 13032
1542724498.469113 0
1542724498.470541 40544
1542724498.471924 0
1542724498.479021 23168
1542724498.480343 0
1542724498.483865 7240
1542724498.485159 0
1542724498.485377 28960
1542724498.486702 0
1542724498.491438 5792
1542724498.492644 17376
1542724498.492732 0
1542724498.494012 0
1542724498.496280 30408
1542724498.497677 0
1542724498.502639 41992
1542724498.502800 0
1542724498.511420 46336
1542724498.512777 0
1542724498.521148 5792
1542724498.522319 5792
1542724498.522428 0
1542724498.523530 13032
1542724498.523557 0
1542724498.524847 0
1542724498.526293 40544
1542724498.527672 0
1542724498.534737 18824
1542724498.536026 0
1542724498.538675 5792
1542724498.539884 11584
1542724498.539965 0
1542724498.541202 0
1542724498.542306 5792
1542724498.543518 5792
1542724498.543550 0
1542724498.544726 17376
1542724498.544812 0
1542724498.546044 0
1542724498.548388 41992
1542724498.549727 0
1542724498.557147 11584
1542724498.558439 0
1542724498.559564 5792
1542724498.560775 5792
1542724498.560858 0
1542724498.561986 5792
1542724498.562065 0
1542724498.563198 13032
1542724498.563276 0
1542724498.564497 0
1542724498.565930 11584
1542724498.567173 0
1542724498.568345 28960
1542724498.569647 0
1542724498.574403 30408
1542724498.575748 0
1542724498.580761 34752
1542724498.582148 0
1542724498.588031 17376
1542724498.589368 0
1542724498.591662 7240
1542724498.592947 0
1542724498.593176 17376
1542724498.594501 0
1542724498.596812 11584
1542724498.598104 0
1542724498.599230 47784
1542724498.599376 0
1542724498.609227 11584
1542724498.610566 0
1542724498.611683 41992
1542724498.613028 0
1542724498.620429 5792
1542724498.621677 5792
1542724498.621678 0
1542724498.622849 5792
1542724498.622953 0
1542724498.624061 11584
1542724498.624142 0
1542724498.625373 0
1542724498.626484 34752
1542724498.627805 0
1542724498.633754 7240
1542724498.635040 0
1542724498.635264 5792
1542724498.636476 17376
1542724498.636554 0
1542724498.637840 0
1542724498.640113 47784
1542724498.640269 0
1542724498.650141 5792
1542724498.651312 5792
1542724498.651428 0
1542724498.652524 11584
1542724498.652600 0
1542724498.653789 0
1542724498.654946 5792
1542724498.656156 17376
1542724498.656234 0
1542724498.657469 0
1542724498.659791 30408
1542724498.661173 0
1542724498.666151 17376
1542724498.667462 0
1542724498.669784 5792
1542724498.670994 5792
1542724498.671071 0
1542724498.672205 5792
1542724498.672280 0
1542724498.673417 18824
1542724498.673490 0
1542724498.674776 0
1542724498.677393 28960
1542724498.678784 0
1542724498.683412 36200
1542724498.684793 0
1542724498.690984 5792
1542724498.692190 5792
1542724498.692266 0
1542724498.693403 5792
1542724498.693479 0
1542724498.694612 23168
1542724498.694688 0
1542724498.695906 0
1542724498.699458 18824
1542724498.700792 0
1542724498.703396 47784
1542724498.703571 0
1542724498.713426 4344
1542724498.714294 5792
1542724498.714358 0
1542724498.715505 7240
1542724498.715577 0
1542724498.716812 0
1542724498.717019 11584
1542724498.718331 0
1542724498.719442 17376
1542724498.720788 0
1542724498.723107 11584
1542724498.724401 0
1542724498.725498 24616
1542724498.726825 0
1542724498.730649 28960
1542724498.732035 0
1542724498.736706 17376
1542724498.738055 0
1542724498.740376 11584
1542724498.741684 0
1542724498.742758 36200
1542724498.744073 0
1542724498.750330 41992
1542724498.751739 0
1542724498.759110 47784
1542724498.759286 0
1542724498.769103 4344
1542724498.770010 13032
1542724498.770072 0
1542724498.771274 0
1542724498.772734 11584
1542724498.774021 0
1542724498.775157 11584
1542724498.776442 0
1542724498.777580 11584
1542724498.778908 0
1542724498.780042 47784
1542724498.780200 0
1542724498.789998 5792
1542724498.791207 47784
1542724498.791301 0
1542724498.791348 0
1542724498.801201 5792
1542724498.802409 5792
1542724498.802479 0
1542724498.803621 5792
1542724498.803637 0
1542724498.804832 5792
1542724498.804871 0
1542724498.806043 11584
1542724498.806109 0
1542724498.807369 0
1542724498.808466 5792
1542724498.809676 7240
1542724498.809742 0
1542724498.809780 0
1542724498.811190 23168
1542724498.812567 0
1542724498.816075 28960
1542724498.817448 0
1542724498.822093 5792
1542724498.823303 24616
1542724498.823390 0
1542724498.824664 0
1542724498.828490 28960
1542724498.829819 0
1542724498.834507 5792
1542724498.835718 13032
1542724498.835804 0
1542724498.837039 0
1542724498.838442 28960
1542724498.839806 0
1542724498.844500 36200
1542724498.845839 0
1542724498.852108 23168
1542724498.853451 0
1542724498.856915 11584
1542724498.858217 0
1542724498.859337 41992
1542724498.860718 0
1542724498.868118 28960
1542724498.869469 0
1542724498.874176 5792
1542724498.875384 30408
1542724498.875474 0
1542724498.876766 0
1542724498.881783 5792
1542724498.882953 17376
1542724498.883069 0
1542724498.884335 0
1542724498.886591 11584
1542724498.887936 0
1542724498.889012 18824
1542724498.890379 0
1542724498.892949 46336
1542724498.894294 0
1542724498.902639 47784
1542724498.902825 0
1542724498.912668 5792
1542724498.913841 5792
1542724498.913948 0
1542724498.915051 17376
1542724498.915135 0
1542724498.916418 0
1542724498.918686 5792
1542724498.919896 36200
1542724498.919979 0
1542724498.921274 0
1542724498.927467 17376
1542724498.928810 0
1542724498.931139 5792
1542724498.932310 13032
1542724498.932422 0
1542724498.933628 0
1542724498.935038 5792
1542724498.936247 5792
1542724498.936331 0
1542724498.937458 17376
1542724498.937544 0
1542724498.938757 0
1542724498.941095 47784
1542724498.941238 0
1542724498.951087 11584
1542724498.952380 0
1542724498.953507 5792
1542724498.954717 5792
1542724498.954804 0
1542724498.955930 5792
1542724498.956012 0
1542724498.957142 11584
1542724498.957221 0
1542724498.958455 0
1542724498.959563 13032
1542724498.960890 0
1542724498.962288 28960
1542724498.963604 0
1542724498.968344 36200
1542724498.969742 0
1542724498.975919 34752
1542724498.977280 0
1542724498.983185 17376
1542724498.984524 0
1542724498.986818 7240
1542724498.988105 0
1542724498.988329 17376
1542724498.989695 0
1542724498.992001 11584
1542724498.993300 0
1542724498.994384 47784
1542724498.994547 0
1542724499.004417 5792
1542724499.005588 11584
1542724499.005701 0
1542724499.006952 0
1542724499.008012 41992
1542724499.009397 0
1542724499.016797 5792
1542724499.018003 5792
1542724499.018039 0
1542724499.019214 5792
1542724499.019294 0
1542724499.020425 11584
1542724499.020481 0
1542724499.021742 0
1542724499.022848 36200
1542724499.024195 0
1542724499.030458 11584
1542724499.031756 0
1542724499.032840 5792
1542724499.034051 17376
1542724499.034131 0
1542724499.035362 0
1542724499.037687 47784
1542724499.037856 0
1542724499.047720 5792
1542724499.048889 11584
1542724499.049000 0
1542724499.050202 0
1542724499.051311 11584
1542724499.052600 0
1542724499.053734 5792
1542724499.054944 18824
1542724499.055022 0
1542724499.056257 0
1542724499.058881 28960
1542724499.060164 0
1542724499.064938 17376
1542724499.066250 0
1542724499.068571 7240
1542724499.069857 0
1542724499.070084 5792
1542724499.071295 5792
1542724499.071377 0
1542724499.072506 23168
1542724499.072584 0
1542724499.073870 0
1542724499.077357 30408
1542724499.078736 0
1542724499.083713 34752
1542724499.085080 0
1542724499.090979 5792
1542724499.092189 5792
1542724499.092267 0
1542724499.093401 5792
1542724499.093475 0
1542724499.094611 24616
1542724499.094686 0
1542724499.095919 0
1542724499.099762 23168
1542724499.101070 0
1542724499.104604 30408
1542724499.104731 0
1542724499.110964 17376
1542724499.112320 0
1542724499.114636 5792
1542724499.115807 5792
1542724499.115913 0
1542724499.117019 5792
1542724499.117038 0
1542724499.118229 11584
1542724499.118305 0
1542724499.119596 0
1542724499.120681 18824
1542724499.122048 0
1542724499.124590 11584
1542724499.125875 0
1542724499.127011 28960
1542724499.128358 0
1542724499.133070 30408
1542724499.134449 0
1542724499.139429 17376
1542724499.140762 0
1542724499.143077 11584
1542724499.144369 0
1542724499.145483 36200
1542724499.146763 0
1542724499.153052 46336
1542724499.154401 0
1542724499.162746 47784
1542724499.162931 0
1542724499.172735 5792
1542724499.173946 11584
1542724499.174019 0
1542724499.175261 0
1542724499.176368 13032
1542724499.177697 0
1542724499.179093 11584
1542724499.180403 0
1542724499.181552 17376
1542724499.182813 0
1542724499.185149 47784
1542724499.185283 0
1542724499.195142 47784
1542724499.195291 0
1542724499.205136 5792
1542724499.206382 0
1542724499.206385 5792
1542724499.207557 5792
1542724499.207620 0
1542724499.208806 11584
1542724499.208841 0
1542724499.210117 0
1542724499.211190 5792
1542724499.212400 11584
1542724499.212470 0
1542724499.213717 0
1542724499.214823 11584
1542724499.216125 0
1542724499.217247 24616
1542724499.218526 0
1542724499.222432 28960
1542724499.223815 0
1542724499.228452 5792
1542724499.229660 17376
1542724499.229749 0
1542724499.231009 0
1542724499.233334 13032
1542724499.234637 0
1542724499.236026 28960
1542724499.237356 0
1542724499.242075 5792
1542724499.243287 11584
1542724499.243351 0
1542724499.244621 0
1542724499.245708 30408
1542724499.246982 0
1542724499.252067 40544
1542724499.253456 0
1542724499.260548 24616
1542724499.261891 0
1542724499.265695 11584
1542724499.266996 0
1542724499.268115 41992
1542724499.269519 0
1542724499.276899 28960
1542724499.278250 0
1542724499.282993 5792
1542724499.284164 36200
1542724499.284290 0
1542724499.285493 0
1542724499.291775 5792
1542724499.292945 17376
1542724499.293062 0
1542724499.294317 0
1542724499.296619 11584
1542724499.297923 0
1542724499.299001 18824
1542724499.300266 0
1542724499.302938 47784
1542724499.303100 0
1542724499.312970 4344
1542724499.313838 47784
1542724499.313985 0
1542724499.314028 0
1542724499.323834 5792
1542724499.325043 5792
1542724499.325129 0
1542724499.326253 18824
1542724499.326336 0
1542724499.327572 0
1542724499.330190 5792
1542724499.331400 40544
1542724499.331469 0
1542724499.332725 0
1542724499.339920 18824
1542724499.341266 0
1542724499.343856 5792
1542724499.345027 11584
1542724499.345139 0
1542724499.346348 0
1542724499.347450 5792
1542724499.348660 5792
1542724499.348745 0
1542724499.349872 17376
1542724499.349955 0
1542724499.351175 0
1542724499.353509 47784
1542724499.353647 0
1542724499.363500 5792
1542724499.364708 11584
1542724499.364796 0
1542724499.366026 0
1542724499.367132 5792
1542724499.368344 7240
1542724499.368426 0
1542724499.369660 0
1542724499.369859 5792
1542724499.371068 11584
1542724499.371177 0
1542724499.372394 0
1542724499.373490 11584
1542724499.374788 0
1542724499.375912 28960
1542724499.377214 0
1542724499.381969 41992
1542724499.383367 0
1542724499.390790 36200
1542724499.392113 0
1542724499.398320 17376
1542724499.399617 0
1542724499.401953 5792
1542724499.403165 17376
1542724499.403246 0
1542724499.404481 0
1542724499.406799 11584
1542724499.408091 0
1542724499.409220 7240
1542724499.409289 0
1542724499.410735 46336
1542724499.412127 0
1542724499.420428 5792
1542724499.421637 13032
1542724499.421718 0
1542724499.422882 0
1542724499.424360 40544
1542724499.425750 0
1542724499.432843 5792
1542724499.434051 5792
1542724499.434103 0
1542724499.435261 5792
1542724499.435337 0
1542724499.436476 13032
1542724499.436493 0
1542724499.437720 0
1542724499.439197 40544
1542724499.440560 0
1542724499.447680 11584
1542724499.449011 0
1542724499.450138 7240
1542724499.451431 0
1542724499.451613 17376
1542724499.452928 0
1542724499.455247 47784
1542724499.455408 0
1542724499.465241 5792
1542724499.466451 11584
1542724499.466528 0
1542724499.467765 0
1542724499.468872 17376
1542724499.470185 0
1542724499.472507 5792
1542724499.473717 17376
1542724499.473796 0
1542724499.475034 0
1542724499.477355 30408
1542724499.478731 0
1542724499.483712 17376
1542724499.485001 0
1542724499.487345 5792
1542724499.488554 11584
1542724499.488629 0
1542724499.489798 0
1542724499.490977 5792
1542724499.492187 24616
1542724499.492264 0
1542724499.493568 0
1542724499.497338 28960
1542724499.498717 0
1542724499.503394 36200
1542724499.504676 0
1542724499.510963 5792
1542724499.512172 5792
1542724499.512250 0
1542724499.513384 5792
1542724499.513458 0
1542724499.514595 24616
1542724499.514668 0
1542724499.515924 0
1542724499.519746 28960
1542724499.521139 0
1542724499.525799 28960
1542724499.527160 0
1542724499.531857 18824
1542724499.533211 0
1542724499.535829 5792
1542724499.537004 5792
1542724499.537113 0
1542724499.538214 5792
1542724499.538290 0
1542724499.539424 11584
1542724499.539499 0
1542724499.540705 0
1542724499.541854 23168
1542724499.543124 0
1542724499.546692 13032
1542724499.547935 0
1542724499.549417 28960
1542724499.550800 0
1542724499.555514 30408
1542724499.556857 0
1542724499.561872 17376
1542724499.563245 0
1542724499.565467 11584
1542724499.566751 0
1542724499.567888 41992
1542724499.569219 0
1542724499.576674 46336
1542724499.578030 0
1542724499.586360 47784
1542724499.586536 0
1542724499.596354 11584
1542724499.597659 0
1542724499.598773 11584
1542724499.600055 0
1542724499.601196 13032
1542724499.602566 0
1542724499.603961 11584
1542724499.605250 0
1542724499.606343 17376
1542724499.607722 0
1542724499.609978 47784
1542724499.610136 0
1542724499.620009 47784
1542724499.620162 0
1542724499.629965 5792
1542724499.631175 5792
1542724499.631223 0
1542724499.632385 5792
1542724499.632453 0
1542724499.633597 5792
1542724499.633666 0
1542724499.634807 11584
1542724499.634876 0
1542724499.636110 0
1542724499.637229 5792
1542724499.638440 11584
1542724499.638510 0
1542724499.639742 0
1542724499.640862 13032
1542724499.642137 0
1542724499.643588 28960
1542724499.644965 0
1542724499.649684 30408
1542724499.651023 0
1542724499.656042 5792
1542724499.657215 17376
1542724499.657278 0
1542724499.658596 0
1542724499.660876 11584
1542724499.662167 0
1542724499.663271 30408
1542724499.664597 0
1542724499.669628 5792
1542724499.670840 11584
1542724499.670868 0
1542724499.672142 0
1542724499.673263 34752
1542724499.674638 0
1542724499.680535 41992
1542724499.681884 0
1542724499.689311 23168
1542724499.690659 0
1542724499.694157 13032
1542724499.695454 0
1542724499.696881 46336
1542724499.698222 0
1542724499.706574 18824
1542724499.706697 0
1542724499.710546 11584
1542724499.711849 0
1542724499.712929 5792
1542724499.714140 34752
1542724499.714208 0
1542724499.715511 0
1542724499.721410 5792
1542724499.722618 18824
1542724499.722703 0
1542724499.723986 0
1542724499.726557 11584
1542724499.727857 0
1542724499.728978 23168
1542724499.730359 0
1542724499.733863 47784
1542724499.734076 0
1542724499.743816 47784
1542724499.743959 0
1542724499.753813 5792
1542724499.755018 11584
1542724499.755106 0
1542724499.756338 0
1542724499.757442 5792
1542724499.758651 17376
1542724499.758735 0
1542724499.759969 0
1542724499.762285 5792
1542724499.763497 41992
1542724499.763576 0
1542724499.764777 0
1542724499.772282 23168
1542724499.773625 0
1542724499.777126 5792
1542724499.778334 7240
1542724499.778416 0
1542724499.779651 0
1542724499.779848 5792
1542724499.781058 11584
1542724499.781178 0
1542724499.782356 0
1542724499.783485 17376
1542724499.784825 0
1542724499.787117 11584
1542724499.788413 0
1542724499.789538 36200
1542724499.790926 0
1542724499.797109 5792
1542724499.798318 11584
1542724499.798405 0
1542724499.799683 0
1542724499.800770 5792
1542724499.801951 11584
1542724499.802054 0
1542724499.803265 0
1542724499.804375 5792
1542724499.805585 13032
1542724499.805664 0
1542724499.806948 0
1542724499.808318 11584
1542724499.809547 0
1542724499.810734 28960
1542724499.812051 0
1542724499.816791 41992
1542724499.818187 0
1542724499.825573 41992
1542724499.826941 0
1542724499.834352 11584
1542724499.835648 0
1542724499.836775 5792
1542724499.837985 5792
1542724499.838022 0
1542724499.839235 17376
1542724499.839281 0
1542724499.840531 0
1542724499.842831 11584
1542724499.844124 0
1542724499.845252 7240
1542724499.846542 0
1542724499.846766 46336
1542724499.848109 0
1542724499.856498 11584
1542724499.857793 0
1542724499.858878 13032
1542724499.860239 0
1542724499.861642 40544
1542724499.863033 0
1542724499.870084 5792
1542724499.871293 5792
1542724499.871328 0
1542724499.872507 7240
1542724499.872579 0
1542724499.873817 0
1542724499.874019 11584
1542724499.875335 0
1542724499.876442 46336
1542724499.877791 0
1542724499.886169 7240
1542724499.887467 0
1542724499.887645 11584
1542724499.888894 0
1542724499.890067 17376
1542724499.891383 0
1542724499.893702 47784
1542724499.893861 0
1542724499.903695 5792
1542724499.904904 11584
1542724499.904984 0
1542724499.906218 0
1542724499.907327 23168
1542724499.908670 0
1542724499.912172 5792
1542724499.913383 18824
1542724499.913456 0
1542724499.914742 0
1542724499.917359 28960
1542724499.918696 0
1542724499.923377 17376
1542724499.924665 0
1542724499.927009 5792
1542724499.928220 1448
1542724499.928294 0
1542724499.928523 11584
1542724499.929812 0
1542724499.930983 5792
1542724499.932156 28960
1542724499.932277 0
1542724499.933538 0
1542724499.938213 30408
1542724499.939555 0
1542724499.944574 34752
1542724499.945955 0
1542724499.951840 5792
1542724499.953049 5792
1542724499.953123 0
1542724499.954261 5792
1542724499.954333 0
1542724499.955471 1448
1542724499.955543 0
1542724499.955774 28960
1542724499.957087 0
1542724499.961832 28960
1542724499.963139 0
1542724499.967887 30408
1542724499.969263 0
1542724499.974286 17376
1542724499.975641 0
1542724499.977880 5792
1542724499.979090 5792
1542724499.979162 0
1542724499.980301 5792
1542724499.980349 0
1542724499.981512 13032
1542724499.981584 0
1542724499.982815 0
1542724499.984237 23168
1542724499.985567 0
1542724499.989082 17376
1542724499.990383 0
1542724499.992754 30408
1542724499.994136 0
1542724499.999115 28960
1542724500.000424 0
1542724500.005171 17376
1542724500.006479 0
1542724500.008765 7240
1542724500.008877 0
1542724500.010279 5792
1542724500.011489 46336
1542724500.011562 0
1542724500.012827 0
1542724500.021181 47784
1542724500.021347 0
1542724500.031174 47784
1542724500.031317 0
1542724500.041202 17376
1542724500.042509 0
1542724500.044798 11584
1542724500.046101 0
1542724500.047220 11584
1542724500.048500 0
1542724500.049642 13032
1542724500.051024 0
1542724500.052370 17376
1542724500.053676 0
1542724500.056039 47784
1542724500.056209 0
1542724500.066032 47784
1542724500.066183 0
1542724500.076025 4344
1542724500.076895 7240
1542724500.077009 0
1542724500.078220 0
1542724500.078409 5792
1542724500.079619 5792
1542724500.079712 0
1542724500.080831 5792
1542724500.080901 0
1542724500.082041 11584
1542724500.082133 0
1542724500.083342 0
1542724500.084464 5792
1542724500.085675 11584
1542724500.085695 0
1542724500.086912 0
1542724500.088098 17376
1542724500.089422 0
1542724500.091732 30408
1542724500.093136 0
1542724500.098092 28960
1542724500.099391 0
1542724500.104151 7240
1542724500.105448 0
1542724500.105661 17376
1542724500.106984 0
1542724500.109297 11584
1542724500.110592 0
1542724500.111716 34752
1542724500.113042 0
1542724500.118984 7240
1542724500.120259 0
1542724500.120498 11584
1542724500.121802 0
1542724500.122920 34752
1542724500.124305 0
1542724500.130190 41992
1542724500.131589 0
1542724500.138970 28960
1542724500.140295 0
1542724500.145026 13032
1542724500.146368 0
1542724500.147790 46336
1542724500.149195 0
1542724500.157441 18824
1542724500.158783 0
1542724500.161416 11584
1542724500.162718 0
1542724500.163801 5792
1542724500.165009 40544
1542724500.165095 0
1542724500.166404 0
1542724500.173493 1448
1542724500.173790 23168
1542724500.175137 0
1542724500.178639 11584
1542724500.179933 0
1542724500.181058 23168
1542724500.182386 0
1542724500.185941 47784
1542724500.186116 0
1542724500.195897 5792
1542724500.197107 47784
1542724500.197140 0
1542724500.197253 0
1542724500.207100 5792
1542724500.208309 11584
1542724500.208395 0
1542724500.209626 0
1542724500.210732 5792
1542724500.211943 18824
1542724500.212023 0
1542724500.213246 0
1542724500.215884 5792
1542724500.217092 46336
1542724500.217127 0
1542724500.218432 0
1542724500.226821 18824
1542724500.228076 0
1542724500.230718 5792
1542724500.231928 5792
1542724500.231954 0
1542724500.233139 5792
1542724500.233221 0
1542724500.234350 5792
1542724500.234378 0
1542724500.235561 11584
1542724500.235587 0
1542724500.236926 0
1542724500.237992 18824
1542724500.239328 0
1542724500.241924 11584
1542724500.243216 0
1542724500.244343 40544
1542724500.245730 0
1542724500.252825 5792
1542724500.254034 13032
1542724500.254064 0
1542724500.255391 0
1542724500.256798 5792
1542724500.257968 11584
1542724500.258025 0
1542724500.259284 0
1542724500.260393 5792
1542724500.261602 11584
1542724500.261683 0
1542724500.262914 0
1542724500.264025 11584
1542724500.265267 0
1542724500.266449 30408
1542724500.267761 0
1542724500.272807 47784
1542724500.272984 0
1542724500.282836 40544
1542724500.284162 0
1542724500.291278 11584
1542724500.292567 0
1542724500.293700 5792
1542724500.294910 7240
1542724500.294987 0
1542724500.296154 0
1542724500.296425 17376
1542724500.297697 0
1542724500.300099 11584
1542724500.301395 0
1542724500.302481 11584
1542724500.303770 0
1542724500.304904 24616
1542724500.305053 0
1542724500.310091 23168
1542724500.311410 0
1542724500.314897 11584
1542724500.316186 0
1542724500.317318 11584
1542724500.318652 0
1542724500.319779 47784
1542724500.319946 0
1542724500.329734 5792
1542724500.330944 5792
1542724500.331002 0
1542724500.332154 5792
1542724500.332206 0
1542724500.333367 11584
1542724500.333383 0
1542724500.334675 0
1542724500.335788 47784
1542724500.335941 0
1542724500.345821 5792
1542724500.346992 17376
1542724500.347087 0
1542724500.348299 0
1542724500.350626 13032
1542724500.351887 0
1542724500.353351 47784
1542724500.353505 0
1542724500.363346 5792
1542724500.364554 5792
1542724500.364609 0
1542724500.365768 11584
1542724500.365816 0
1542724500.367053 0
1542724500.368188 23168
1542724500.369523 0
1542724500.373073 5792
1542724500.374243 18824
1542724500.374337 0
1542724500.375555 0
1542724500.378183 34752
1542724500.379516 0
1542724500.385449 11584
1542724500.386708 0
1542724500.387870 5792
1542724500.389080 5792
1542724500.389152 0
1542724500.390293 13032
1542724500.390307 0
1542724500.391622 0
1542724500.393056 5792
1542724500.394228 28960
1542724500.394348 0
1542724500.395535 0
1542724500.400288 36200
1542724500.401672 0
1542724500.407856 34752
1542724500.409148 0
1542724500.415162 5792
1542724500.416333 5792
1542724500.416419 0
1542724500.417544 7240
1542724500.417616 0
1542724500.418820 0
1542724500.419059 28960
1542724500.420321 0
1542724500.425115 34752
1542724500.426496 0
1542724500.432383 30408
1542724500.433692 0
1542724500.438779 17376
1542724500.440113 0
1542724500.442377 5792
1542724500.443585 5792
1542724500.443650 0
1542724500.444796 7240
1542724500.444854 0
1542724500.446073 0
1542724500.446310 11584
1542724500.447594 0
1542724500.448733 23168
1542724500.449994 0
1542724500.453618 23168
1542724500.454975 0
1542724500.458461 30408
1542724500.459852 0
1542724500.464784 28960
1542724500.466133 0
1542724500.470839 18824
1542724500.472145 0
1542724500.474774 5792
1542724500.475985 5792
1542724500.476053 0
1542724500.477196 47784
1542724500.477268 0
1542724500.477353 0
1542724500.487191 5792
1542724500.488400 46336
1542724500.488475 0
1542724500.489730 0
1542724500.498090 47784
1542724500.498281 0
1542724500.508085 5792
1542724500.509293 17376
1542724500.509383 0
1542724500.510662 0
1542724500.512965 13032
1542724500.514315 0
1542724500.515690 11584
1542724500.516997 0
1542724500.518075 11584
1542724500.519323 0
1542724500.520497 17376
1542724500.521868 0
1542724500.524170 47784
1542724500.524347 0
1542724500.534163 5792
1542724500.535333 47784
1542724500.535465 0
1542724500.535500 0
1542724500.545328 5792
1542724500.546537 5792
1542724500.546625 0
1542724500.547749 5792
1542724500.547786 0
1542724500.548960 5792
1542724500.549024 0
1542724500.550172 5792
1542724500.550235 0
1542724500.551382 11584
1542724500.551467 0
1542724500.552701 0
1542724500.553805 7240
1542724500.555101 0
1542724500.555321 11584
1542724500.556640 0
1542724500.557742 17376
1542724500.559013 0
1542724500.561375 36200
1542724500.562729 0
1542724500.568947 28960
1542724500.570246 0
1542724500.575003 5792
1542724500.576213 17376
1542724500.576296 0
1542724500.577539 0
1542724500.579847 13032
1542724500.581141 0
1542724500.582571 40544
1542724500.583868 0
1542724500.591051 5792
1542724500.592261 11584
1542724500.592343 0
1542724500.593577 0
1542724500.594683 36200
1542724500.596032 0
1542724500.602253 23168
1542724500.603522 0
1542724500.607098 23168
1542724500.608395 0
1542724500.611944 28960
1542724500.613289 0
1542724500.617999 11584
1542724500.619286 0
1542724500.620421 47784
1542724500.620567 0
1542724500.630444 23168
1542724500.631770 0
1542724500.635259 11584
1542724500.636567 0
1542724500.637707 7240
1542724500.639007 0
1542724500.639195 40544
1542724500.640530 0
1542724500.647701 24616
1542724500.649026 0
1542724500.652825 11584
1542724500.654090 0
1542724500.655242 28960
1542724500.656586 0
1542724500.661329 47784
1542724500.661503 0
1542724500.671292 47784
1542724500.671433 0
1542724500.681287 5792
1542724500.682494 5792
1542724500.682571 0
1542724500.683706 17376
1542724500.683779 0
1542724500.685039 0
1542724500.687341 5792
1542724500.688551 17376
1542724500.688622 0
1542724500.689891 0
1542724500.692185 7240
1542724500.693418 0
1542724500.693699 46336
1542724500.695058 0
1542724500.703391 18824
1542724500.704690 0
1542724500.707328 5792
1542724500.708535 11584
1542724500.708615 0
1542724500.709888 0
1542724500.710984 5792
1542724500.712169 5792
1542724500.712277 0
1542724500.713382 11584
1542724500.713394 0
1542724500.714681 0
1542724500.715803 17376
1542724500.717152 0
1542724500.719439 13032
1542724500.720691 0
1542724500.722161 40544
1542724500.723495 0
1542724500.730669 5792
1542724500.731850 13032
1542724500.731963 0
1542724500.733090 0
1542724500.734577 11584
1542724500.735885 0
1542724500.737027 11584
1542724500.738348 0
1542724500.739427 5792
1542724500.740632 11584
1542724500.740724 0
1542724500.741933 0
1542724500.743057 11584
1542724500.744354 0
1542724500.745503 30408
1542724500.746760 0
1542724500.751862 47784
1542724500.752014 0
1542724500.761858 5792
1542724500.763041 40544
1542724500.763125 0
1542724500.764355 0
1542724500.771519 11584
1542724500.772818 0
1542724500.773940 7240
1542724500.775262 0
1542724500.775462 5792
1542724500.776667 17376
1542724500.776700 0
1542724500.777930 0
1542724500.780300 11584
1542724500.781585 0
1542724500.782721 11584
1542724500.784003 0
1542724500.785144 30408
1542724500.786495 0
1542724500.791507 23168
1542724500.792784 0
1542724500.796350 11584
1542724500.797673 0
1542724500.798797 11584
1542724500.800113 0
1542724500.801219 47784
1542724500.801389 0
1542724500.811186 11584
1542724500.812487 0
1542724500.813607 5792
1542724500.814818 5792
1542724500.814837 0
1542724500.816031 7240
1542724500.816113 0
1542724500.817352 0
1542724500.817543 47784
1542724500.817675 0
1542724500.827564 4344
1542724500.828444 7240
1542724500.828554 0
1542724500.829762 0
1542724500.829959 17376
1542724500.831290 0
1542724500.833592 11584
1542724500.834893 0
1542724500.836014 47784
1542724500.836173 0
1542724500.846009 5792
1542724500.847220 5792
1542724500.847306 0
1542724500.848429 5792
1542724500.848515 0
1542724500.849639 11584
1542724500.849705 0
1542724500.850965 0
1542724500.852062 24616
1542724500.853342 0
1542724500.857214 5792
1542724500.858421 17376
1542724500.858514 0
1542724500.859742 0
1542724500.862055 41992
1542724500.863427 0
1542724500.870839 11584
1542724500.872161 0
1542724500.873287 5792
1542724500.874469 5792
1542724500.874530 0
1542724500.875681 11584
1542724500.875744 0
1542724500.877025 0
1542724500.878106 5792
1542724500.879314 30408
1542724500.879395 0
1542724500.880630 0
1542724500.885700 11584
1542724500.886999 0
1542724500.888096 28960
1542724500.889415 0
1542724500.894155 36200
1542724500.895504 0
1542724500.901750 5792
1542724500.902933 5792
1542724500.903039 0
1542724500.904144 5792
1542724500.904171 0
1542724500.905355 30408
1542724500.905433 0
1542724500.905466 0
1542724500.911715 15704
1542724500.911833 0
1542724500.915001 47784
1542724500.915172 0
1542724500.925021 7240
1542724500.926308 0
1542724500.926507 17376
1542724500.927792 0
1542724500.930169 5792
1542724500.931351 5792
1542724500.931460 0
1542724500.932562 5792
1542724500.932627 0
1542724500.933774 11584
1542724500.933835 0
1542724500.935091 0
1542724500.936195 24616
1542724500.937542 0
1542724500.941347 28960
1542724500.942618 0
1542724500.947401 30408
1542724500.948754 0
1542724500.953763 28960
1542724500.955083 0
1542724500.959816 17376
1542724500.961134 0
1542724500.963451 11584
1542724500.964742 0
1542724500.965870 47784
1542724500.966050 0
1542724500.975865 5792
1542724500.977074 5792
1542724500.977158 0
1542724500.978285 47784
1542724500.978367 0
1542724500.978406 0
1542724500.988281 47784
1542724500.988426 0
1542724500.998273 5792
1542724500.999481 5792
1542724500.999564 0
1542724501.000693 11584
1542724501.000733 0
1542724501.002054 0
1542724501.003155 5792
1542724501.004326 11584
1542724501.004439 0
1542724501.005638 0
1542724501.006749 13032
1542724501.008073 0
1542724501.009476 11584
1542724501.010818 0
1542724501.011934 17376
1542724501.013237 0
1542724501.015568 47784
1542724501.015740 0
1542724501.025562 5792
1542724501.026733 47784
1542724501.026810 0
1542724501.026856 0
1542724501.036729 5792
1542724501.037937 5792
1542724501.038025 0
1542724501.039148 5792
1542724501.039229 0
1542724501.040360 5792
1542724501.040413 0
1542724501.041570 5792
1542724501.041650 0
1542724501.042782 5792
1542724501.042858 0
1542724501.043992 11584
1542724501.044072 0
1542724501.045311 0
1542724501.046417 13032
1542724501.047686 0
1542724501.049141 11584
1542724501.050378 0
1542724501.051602 17376
1542724501.052978 0
1542724501.055237 36200
1542724501.056625 0
1542724501.062806 28960
1542724501.064127 0
1542724501.068825 5792
1542724501.070037 23168
1542724501.070131 0
1542724501.071378 0
1542724501.074879 13032
1542724501.076167 0
1542724501.077604 40544
1542724501.078955 0
1542724501.086083 5792
1542724501.087296 13032
1542724501.087373 0
1542724501.088602 0
1542724501.090020 34752
1542724501.091343 0
1542724501.097291 28960
1542724501.098644 0
1542724501.103343 24616
1542724501.104653 0
1542724501.108491 28960
1542724501.109882 0
1542724501.114585 13032
1542724501.115939 0
1542724501.117280 46336
1542724501.118651 0
1542724501.127000 24616
1542724501.128358 0
1542724501.132112 11584
1542724501.133400 0
1542724501.134531 11584
1542724501.135816 0
1542724501.136956 41992
1542724501.138334 0
1542724501.145774 23168
1542724501.147090 0
1542724501.150580 11584
1542724501.151866 0
1542724501.153001 30408
1542724501.154383 0
1542724501.159362 47784
1542724501.159537 0
1542724501.169353 4344
1542724501.170261 47784
1542724501.170357 0
1542724501.170404 0
1542724501.180258 5792
1542724501.181464 5792
1542724501.181561 0
1542724501.182675 5792
1542724501.182744 0
1542724501.183886 18824
1542724501.183956 0
1542724501.185259 0
1542724501.187828 5792
1542724501.189034 17376
1542724501.189108 0
1542724501.190343 0
1542724501.192668 5792
1542724501.193879 24616
1542724501.193894 0
1542724501.193996 0
1542724501.199066 47784
1542724501.199247 0
1542724501.209060 7240
1542724501.210301 0
1542724501.210533 47784
1542724501.210692 0
1542724501.220527 47784
1542724501.220669 0
1542724501.230521 10136
1542724501.231814 0
1542724501.232637 5792
1542724501.233849 11584
1542724501.233923 0
1542724501.235157 0
1542724501.236271 17376
1542724501.237631 0
1542724501.239945 11584
1542724501.241253 0
1542724501.242328 5792
1542724501.243538 13032
1542724501.243561 0
1542724501.244891 0
1542724501.246301 11584
1542724501.247638 0
1542724501.248724 28960
1542724501.250114 0
1542724501.254782 47784
1542724501.254955 0
1542724501.264736 5792
1542724501.265945 5792
1542724501.266020 0
1542724501.267156 41992
1542724501.267229 0
1542724501.268559 0
1542724501.275939 11584
1542724501.277175 0
1542724501.278360 5792
1542724501.279571 5792
1542724501.279644 0
1542724501.280782 18824
1542724501.280854 0
1542724501.282109 0
1542724501.284722 11584
1542724501.286003 0
1542724501.287142 11584
1542724501.288427 0
1542724501.289563 34752
1542724501.290879 0
1542724501.296837 24616
1542724501.298134 0
1542724501.302018 11584
1542724501.303370 0
1542724501.304439 11584
1542724501.305793 0
1542724501.306833 47784
1542724501.307000 0
1542724501.316855 11584
1542724501.318207 0
1542724501.319277 11584
1542724501.320603 0
1542724501.321698 5792
1542724501.322871 5792
1542724501.322978 0
1542724501.324085 30408
1542724501.324151 0
1542724501.325458 0
1542724501.330446 17376
1542724501.331792 0
1542724501.334081 5792
1542724501.335287 5792
1542724501.335377 0
1542724501.336499 18824
1542724501.336563 0
1542724501.337822 0
1542724501.340438 11584
1542724501.341750 0
1542724501.342861 47784
1542724501.343013 0
1542724501.352853 5792
1542724501.354062 5792
1542724501.354118 0
1542724501.355271 5792
1542724501.355338 0
1542724501.356484 5792
1542724501.356553 0
1542724501.357694 11584
1542724501.357762 0
1542724501.359015 0
1542724501.360117 28960
1542724501.361403 0
1542724501.366174 1448
1542724501.366478 17376
1542724501.367734 0
1542724501.370110 47784
1542724501.370294 0
1542724501.380130 11584
1542724501.381427 0
1542724501.382523 5792
1542724501.383735 5792
1542724501.383800 0
1542724501.384946 11584
1542724501.385010 0
1542724501.386264 0
1542724501.387368 5792
1542724501.388579 23168
1542724501.388641 0
1542724501.389902 0
1542724501.393425 7240
1542724501.394673 0
1542724501.394938 17376
1542724501.396317 0
1542724501.398573 28960
1542724501.399919 0
1542724501.404667 36200
1542724501.405977 0
1542724501.412200 5792
1542724501.413410 5792
1542724501.413497 0
1542724501.414619 41992
1542724501.414704 0
1542724501.415961 0
1542724501.423403 11584
1542724501.424658 0
1542724501.425824 47784
1542724501.425988 0
1542724501.435857 5792
1542724501.437027 5792
1542724501.437087 0
1542724501.438239 17376
1542724501.438325 0
1542724501.439606 0
1542724501.441912 5792
1542724501.443084 5792
1542724501.443190 0
1542724501.444295 5792
1542724501.444376 0
1542724501.445506 13032
1542724501.445584 0
1542724501.446824 0
1542724501.448231 28960
1542724501.449505 0
1542724501.454327 11584
1542724501.455623 0
1542724501.456710 17376
1542724501.458029 0
1542724501.460343 30408
1542724501.461711 0
1542724501.466705 34752
1542724501.467995 0
1542724501.473971 13032
1542724501.475259 0
1542724501.476698 17376
1542724501.478037 0
1542724501.480329 41992
1542724501.480467 0
1542724501.489148 15296
1542724501.489273 0
1542724501.492313 47784
1542724501.492477 0
1542724501.502345 47784
1542724501.502496 0
1542724501.512299 47784
1542724501.512443 0
1542724501.522294 47784
1542724501.522452 0
1542724501.532323 47784
1542724501.532473 0
1542724501.542315 1448
1542724501.542578 47784
1542724501.542714 0
1542724501.552575 4344
1542724501.553480 5792
1542724501.553540 0
1542724501.554689 7240
1542724501.554777 0
1542724501.556011 0
1542724501.556204 5792
1542724501.557415 5792
1542724501.557509 0
1542724501.558626 5792
1542724501.558716 0
1542724501.559838 5792
1542724501.559928 0
1542724501.561048 17376
1542724501.561150 0
1542724501.562366 0
1542724501.564682 11584
1542724501.565980 0
1542724501.567105 13032
1542724501.568481 0
1542724501.569871 17376
1542724501.571244 0
1542724501.573503 23168
1542724501.574876 0
1542724501.578347 17376
1542724501.579650 0
1542724501.581981 30408
1542724501.583375 0
1542724501.588307 5792
1542724501.589512 23168
1542724501.589595 0
1542724501.590834 0
1542724501.594357 13032
1542724501.595701 0
1542724501.597122 40544
1542724501.598523 0
1542724501.605566 5792
1542724501.606773 17376
1542724501.606809 0
1542724501.608084 0
1542724501.610445 36200
1542724501.611838 0
1542724501.618015 11584
1542724501.619314 0
1542724501.620398 18824
1542724501.621763 0
1542724501.624374 11584
1542724501.625734 0
1542724501.626797 11584
1542724501.628141 0
1542724501.629181 28960
1542724501.630501 0
1542724501.635273 18824
1542724501.636620 0
1542724501.639172 46336
1542724501.640544 0
1542724501.648899 24616
1542724501.650249 0
1542724501.654011 11584
1542724501.655305 0
1542724501.656431 11584
1542724501.657727 0
1542724501.658853 47784
1542724501.659012 0
1542724501.668847 23168
1542724501.670142 0
1542724501.673694 11584
1542724501.674985 0
1542724501.676113 30408
1542724501.677509 0
1542724501.682475 47784
1542724501.682644 0
1542724501.692466 5792
1542724501.693676 4344
1542724501.693710 0
1542724501.694583 46336
1542724501.694667 0
1542724501.695968 0
1542724501.704314 8688
1542724501.705599 0
1542724501.706090 5792
1542724501.707302 5792
1542724501.707340 0
1542724501.708512 17376
1542724501.708592 0
1542724501.709828 0
1542724501.712184 5792
1542724501.713358 23168
1542724501.713475 0
1542724501.714675 0
1542724501.718242 30408
1542724501.719629 0
1542724501.724564 47784
1542724501.724736 0
1542724501.734594 11584
1542724501.735888 0
1542724501.736977 23168
1542724501.738310 0
1542724501.741821 24616
1542724501.743192 0
1542724501.746970 47784
1542724501.747133 0
1542724501.756964 4344
1542724501.757869 11584
1542724501.757982 0
1542724501.759230 0
1542724501.760332 1448
1542724501.760594 11584
1542724501.761931 0
1542724501.763054 23168
1542724501.764421 0
1542724501.767862 11584
1542724501.769150 0
1542724501.770287 5792
1542724501.771494 13032
1542724501.771571 0
1542724501.772802 0
1542724501.774220 11584
1542724501.775511 0
1542724501.776643 28960
1542724501.777990 0
1542724501.782736 24616
1542724501.782864 0
1542724501.787886 47784
1542724501.788052 0
1542724501.797844 47784
1542724501.797989 0
1542724501.807869 47784
1542724501.808013 0
1542724501.817826 47784
1542724501.817972 0
1542724501.827856 47784
1542724501.828020 0
1542724501.837849 46336
1542724501.839181 0
1542724501.847538 4344
1542724501.848406 11584
1542724501.848518 0
1542724501.849762 0
1542724501.850867 11584
1542724501.852199 0
1542724501.853291 2896
1542724501.853856 11584
1542724501.853918 0
1542724501.855219 0
1542724501.856318 28960
1542724501.857710 0
1542724501.862373 17376
1542724501.863660 0
1542724501.866007 7240
1542724501.867301 0
1542724501.867483 5792
1542724501.868693 17376
1542724501.868773 0
1542724501.870057 0
1542724501.872365 17376
1542724501.873613 0
1542724501.875999 47784
1542724501.876180 0
1542724501.885991 5792
1542724501.887167 5792
1542724501.887227 0
1542724501.888376 5792
1542724501.888455 0
1542724501.889587 5792
1542724501.889663 0
1542724501.890799 11584
1542724501.890874 0
1542724501.892155 0
1542724501.893230 30408
1542724501.894592 0
1542724501.899585 23168
1542724501.900866 0
1542724501.904463 47784
1542724501.904644 0
1542724501.914420 11584
1542724501.915707 0
1542724501.916841 5792
1542724501.918050 5792
1542724501.918122 0
1542724501.919261 13032
1542724501.919331 0
1542724501.920544 0
1542724501.921986 5792
1542724501.923198 23168
1542724501.923272 0
1542724501.924510 0
1542724501.928043 11584
1542724501.929297 0
1542724501.930467 17376
1542724501.931850 0
1542724501.934104 30408
1542724501.935430 0
1542724501.940498 34752
1542724501.941835 0
1542724501.947726 7240
1542724501.949004 0
1542724501.949242 5792
1542724501.950450 46336
1542724501.950522 0
1542724501.951837 0
1542724501.960141 11584
1542724501.961405 0
1542724501.962562 1448
1542724501.962864 46336
1542724501.964187 0
1542724501.972556 5792
1542724501.973766 11584
1542724501.973789 0
1542724501.975080 0
1542724501.976187 13032
1542724501.977443 0
1542724501.978913 5792
1542724501.980127 11584
1542724501.980146 0
1542724501.981427 0
1542724501.982547 5792
1542724501.983757 11584
1542724501.983780 0
1542724501.985065 0
1542724501.986180 30408
1542724501.987512 0
1542724501.992541 11584
1542724501.993893 0
1542724501.994964 17376
1542724501.996337 0
1542724501.998635 30408
1542724501.999966 0
1542724502.004956 40544
1542724502.006335 0
1542724502.013434 11584
1542724502.014713 0
1542724502.015855 18824
1542724502.017174 0
1542724502.019794 46336
1542724502.021149 0
1542724502.029482 13032
1542724502.030784 0
1542724502.032206 47784
1542724502.032375 0
1542724502.042238 4344
1542724502.043107 47784
1542724502.043238 0
1542724502.043286 0
1542724502.053103 47784
1542724502.053247 0
1542724502.063093 5792
1542724502.064302 36200
1542724502.064374 0
1542724502.064419 0
1542724502.071913 5616
1542724502.072032 0
1542724502.073049 47784
1542724502.073219 0
1542724502.083081 15928
1542724502.084429 0
1542724502.086375 47784
1542724502.086558 0
1542724502.096365 47784
1542724502.096508 0
1542724502.106398 47784
1542724502.106550 0
1542724502.116387 47784
1542724502.116537 0
1542724502.126382 47784
1542724502.126536 0
1542724502.136374 47784
1542724502.136538 0
1542724502.146367 24616
1542724502.147715 0
1542724502.151514 5792
1542724502.152685 17376
1542724502.152799 0
1542724502.154060 0
1542724502.156357 36200
1542724502.157741 0
1542724502.163929 17376
1542724502.165277 0
1542724502.167560 17376
1542724502.168908 0
1542724502.171196 13032
1542724502.172539 0
1542724502.173921 11584
1542724502.175268 0
1542724502.176342 28960
1542724502.177669 0
1542724502.182398 23168
1542724502.183697 0
1542724502.187244 47784
1542724502.187428 0
1542724502.197200 24616
1542724502.198515 0
1542724502.202347 11584
1542724502.203642 0
1542724502.204767 11584
1542724502.206063 0
1542724502.207189 47784
1542724502.207353 0
1542724502.217183 5792
1542724502.218393 23168
1542724502.218480 0
1542724502.219760 0
1542724502.223277 11584
1542724502.224575 0
1542724502.225660 30408
1542724502.227036 0
1542724502.232057 34752
1542724502.233431 0
1542724502.239289 18824
1542724502.240621 0
1542724502.243226 5792
1542724502.244433 47784
1542724502.244475 0
1542724502.244569 0
1542724502.254466 4344
1542724502.255334 7240
1542724502.255440 0
1542724502.256582 0
1542724502.256849 5792
1542724502.258059 5792
1542724502.258166 0
1542724502.259270 17376
1542724502.259375 0
1542724502.260562 0
1542724502.262904 5792
1542724502.264114 11584
1542724502.264197 0
1542724502.265429 0
1542724502.266537 13032
1542724502.267899 0
1542724502.269301 11584
1542724502.270545 0
1542724502.271686 23168
1542724502.273061 0
1542724502.276532 47784
1542724502.276697 0
1542724502.286527 11584
1542724502.287768 0
1542724502.288945 28960
1542724502.290223 0
1542724502.295002 24616
1542724502.296310 0
1542724502.300150 47784
1542724502.300312 0
1542724502.310143 5792
1542724502.311352 11584
1542724502.311435 0
1542724502.312669 0
1542724502.313775 11584
1542724502.315112 0
1542724502.316235 28960
1542724502.317624 0
1542724502.322255 7240
1542724502.323492 0
1542724502.323767 11584
1542724502.325129 0
1542724502.326197 11584
1542724502.327502 0
1542724502.328612 11584
1542724502.329901 0
1542724502.331036 30408
1542724502.332431 0
1542724502.337433 23168
1542724502.338796 0
1542724502.342240 41992
1542724502.342392 0
1542724502.351022 47784
1542724502.351172 0
1542724502.361013 47784
1542724502.361157 0
1542724502.371044 47784
1542724502.371191 0
1542724502.381027 47784
1542724502.381175 0
1542724502.391029 37648
1542724502.392397 0
1542724502.398903 47784
1542724502.399083 0
1542724502.408895 47784
1542724502.409048 0
1542724502.418887 47784
1542724502.419037 0
1542724502.428879 47784
1542724502.429028 0
1542724502.438871 34752
1542724502.440202 0
1542724502.446138 5792
1542724502.447310 5792
1542724502.447432 0
1542724502.448520 5792
1542724502.448588 0
1542724502.449732 5792
1542724502.449799 0
1542724502.450942 11584
1542724502.451011 0
1542724502.452311 0
1542724502.453406 30408
1542724502.454788 0
1542724502.459731 28960
1542724502.460998 0
1542724502.465821 30408
1542724502.467223 0
1542724502.472142 17376
1542724502.473441 0
1542724502.475810 11584
1542724502.477162 0
1542724502.478197 5792
1542724502.479407 5792
1542724502.479489 0
1542724502.480617 13032
1542724502.480678 0
1542724502.481934 0
1542724502.483343 5792
1542724502.484556 23168
1542724502.484599 0
1542724502.485813 0
1542724502.489399 17376
1542724502.490748 0
1542724502.493033 17376
1542724502.494378 0
1542724502.496694 30408
1542724502.498086 0
1542724502.503065 36200
1542724502.504411 0
1542724502.510598 5792
1542724502.511805 5792
1542724502.511890 0
1542724502.513055 47784
1542724502.513088 0
1542724502.513194 0
1542724502.523011 5792
1542724502.524221 11584
1542724502.524311 0
1542724502.525541 0
1542724502.526644 46336
1542724502.528037 0
1542724502.536334 7240
1542724502.537584 0
1542724502.537847 11584
1542724502.539213 0
1542724502.540310 17376
1542724502.541657 0
1542724502.543904 5792
1542724502.545113 11584
1542724502.545196 0
1542724502.546431 0
1542724502.547536 5792
1542724502.548748 13032
1542724502.548827 0
1542724502.550046 0
1542724502.551511 28960
1542724502.552827 0
1542724502.557530 11584
1542724502.558823 0
1542724502.559951 17376
1542724502.561303 0
1542724502.563612 36200
1542724502.564993 0
1542724502.571155 41992
1542724502.572507 0
1542724502.579942 11584
1542724502.581237 0
1542724502.582395 17376
1542724502.583722 0
1542724502.585993 47784
1542724502.586164 0
1542724502.595986 17376
1542724502.597329 0
1542724502.599656 47784
1542724502.599826 0
1542724502.609650 47784
1542724502.609801 0
1542724502.619641 5792
1542724502.620815 47784
1542724502.620899 0
1542724502.620968 0
1542724502.630808 4344
1542724502.631714 5792
1542724502.631822 0
1542724502.632925 1448
1542724502.633002 0
1542724502.633229 8176
1542724502.633309 0
1542724502.634981 47784
1542724502.635162 0
1542724502.644974 47784
1542724502.645131 0
1542724502.654968 47784
1542724502.655126 0
1542724502.664958 47784
1542724502.665111 0
1542724502.674952 47784
1542724502.675107 0
1542724502.684945 47784
1542724502.685113 0
1542724502.694939 47784
1542724502.695091 0
1542724502.704931 24616
1542724502.706289 0
1542724502.710077 47784
1542724502.710253 0
1542724502.720070 47784
1542724502.720225 0
1542724502.730062 34752
1542724502.731430 0
1542724502.737330 17376
1542724502.738687 0
1542724502.740925 23168
1542724502.742263 0
1542724502.745808 13032
1542724502.747166 0
1542724502.748531 11584
1542724502.749847 0
1542724502.750917 28960
1542724502.752297 0
1542724502.757012 24616
1542724502.758370 0
1542724502.762121 47784
1542724502.762291 0
1542724502.772116 4344
1542724502.773020 24616
1542724502.773139 0
1542724502.774400 0
1542724502.778170 11584
1542724502.779455 0
1542724502.780589 11584
1542724502.781876 0
1542724502.783012 47784
1542724502.783189 0
1542724502.793006 5792
1542724502.794216 28960
1542724502.794238 0
1542724502.795547 0
1542724502.800312 13032
1542724502.801671 0
1542724502.803004 28960
1542724502.804280 0
1542724502.809093 36200
1542724502.810487 0
1542724502.816626 17376
1542724502.817954 0
1542724502.820296 47784
1542724502.820453 0
1542724502.830289 11584
1542724502.831647 0
1542724502.832673 5792
1542724502.833884 5792
1542724502.833955 0
1542724502.835093 5792
1542724502.835143 0
1542724502.836304 5792
1542724502.836377 0
1542724502.837516 17376
1542724502.837609 0
1542724502.838853 0
1542724502.841150 5792
1542724502.842360 13032
1542724502.842374 0
1542724502.843664 0
1542724502.845125 17376
1542724502.846515 0
1542724502.848721 11584
1542724502.850022 0
1542724502.851142 23168
1542724502.852469 0
1542724502.856025 47784
1542724502.856214 0
1542724502.865981 11584
1542724502.867283 0
1542724502.868403 30408
1542724502.869751 0
1542724502.874761 28960
1542724502.876114 0
1542724502.880818 47784
1542724502.880995 0
1542724502.890850 5792
1542724502.892019 11584
1542724502.892132 0
1542724502.893258 0
1542724502.894443 17376
1542724502.895813 0
1542724502.898114 13032
1542724502.899462 0
1542724502.900828 17376
1542724502.902194 0
1542724502.904474 5792
1542724502.905645 11584
1542724502.905758 0
1542724502.906913 0
1542724502.908107 11584
1542724502.909456 0
1542724502.910531 7240
1542724502.910651 0
1542724502.912005 47784
1542724502.912168 0
1542724502.922036 47784
1542724502.922186 0
1542724502.932028 47784
1542724502.932198 0
1542724502.942020 14480
1542724502.943378 0
1542724502.945048 47784
1542724502.945222 0
1542724502.955041 47784
1542724502.955193 0
1542724502.965035 47784
1542724502.965186 0
1542724502.975027 47784
1542724502.975180 0
1542724502.985020 47784
1542724502.985179 0
1542724502.995013 47784
1542724502.995179 0
1542724503.005005 47784
1542724503.005157 0
1542724503.014997 47784
1542724503.015152 0
1542724503.024991 44888
1542724503.026319 0
1542724503.034377 5792
1542724503.035547 5792
1542724503.035655 0
1542724503.036759 5792
1542724503.036836 0
1542724503.037969 5792
1542724503.038049 0
1542724503.039181 11584
1542724503.039257 0
1542724503.040476 0
1542724503.041641 28960
1542724503.043034 0
1542724503.047661 30408
1542724503.049041 0
1542724503.054058 34752
1542724503.055451 0
1542724503.061289 18824
1542724503.062641 0
1542724503.065262 11584
1542724503.066551 0
1542724503.067647 5792
1542724503.068857 5792
1542724503.068929 0
1542724503.070068 11584
1542724503.070138 0
1542724503.071377 0
1542724503.072490 5792
1542724503.073700 24616
1542724503.073722 0
1542724503.075029 0
1542724503.078850 23168
1542724503.080158 0
1542724503.083696 17376
1542724503.085047 0
1542724503.087327 30408
1542724503.088706 0
1542724503.093687 40544
1542724503.095078 0
1542724503.102165 5792
1542724503.103376 47784
1542724503.103449 0
1542724503.103526 0
1542724503.113369 5792
1542724503.114578 5792
1542724503.114609 0
1542724503.115789 13032
1542724503.115860 0
1542724503.117095 0
1542724503.118516 46336
1542724503.119921 0
1542724503.128206 11584
1542724503.129555 0
1542724503.130666 13032
1542724503.131991 0
1542724503.133361 11584
1542724503.134660 0
1542724503.135774 5792
1542724503.136986 5792
1542724503.137058 0
1542724503.138196 11584
1542724503.138216 0
1542724503.139434 0
1542724503.140619 5792
1542724503.141831 11584
1542724503.141922 0
1542724503.143203 0
1542724503.144260 30408
1542724503.145596 0
1542724503.150613 11584
1542724503.151915 0
1542724503.153034 17376
1542724503.154345 0
1542724503.156708 41992
1542724503.158107 0
1542724503.165487 41992
1542724503.166797 0
1542724503.174268 11584
1542724503.175605 0
1542724503.176692 17376
1542724503.178068 0
1542724503.180326 30408
1542724503.180461 0
1542724503.186648 15952
1542724503.186777 0
1542724503.190034 47784
1542724503.190215 0
1542724503.199989 47784
1542724503.200140 0
1542724503.210019 47784
1542724503.210174 0
1542724503.220011 30408
1542724503.221319 0
1542724503.226370 47784
1542724503.226545 0
1542724503.236360 47784
1542724503.236530 0
1542724503.246354 47784
1542724503.246509 0
1542724503.256347 47784
1542724503.256503 0
1542724503.266340 47784
1542724503.266493 0
1542724503.276329 47784
1542724503.276497 0
1542724503.286289 47784
1542724503.286448 0
1542724503.296316 47784
1542724503.296475 0
1542724503.306307 47784
1542724503.306463 0
1542724503.316302 26064
1542724503.317667 0
1542724503.321751 46336
1542724503.323148 0
1542724503.331441 36200
1542724503.332814 0
1542724503.338972 23168
1542724503.340292 0
1542724503.343856 23168
1542724503.345155 0
1542724503.348662 13032
1542724503.350002 0
1542724503.351424 11584
1542724503.352771 0
1542724503.353812 28960
1542724503.355219 0
1542724503.359904 24616
1542724503.361201 0
1542724503.365014 47784
1542724503.365178 0
1542724503.375043 4344
1542724503.375912 7240
1542724503.376023 0
1542724503.377232 0
1542724503.377427 23168
1542724503.378795 0
1542724503.382310 11584
1542724503.383654 0
1542724503.384701 11584
1542724503.385986 0
1542724503.387117 47784
1542724503.387263 0
1542724503.397149 5792
1542724503.398319 5792
1542724503.398430 0
1542724503.399530 30408
1542724503.399612 0
1542724503.400875 0
1542724503.405931 11584
1542724503.407224 0
1542724503.408315 28960
1542724503.409646 0
1542724503.414371 41992
1542724503.415651 0
1542724503.423153 17376
1542724503.424441 0
1542724503.426786 47784
1542724503.426950 0
1542724503.436778 11584
1542724503.438088 0
1542724503.439201 5792
1542724503.440409 5792
1542724503.440460 0
1542724503.441620 5792
1542724503.441695 0
1542724503.442831 11584
1542724503.442904 0
1542724503.444144 0
1542724503.445256 13032
1542724503.446521 0
1542724503.447980 5792
1542724503.449190 17376
1542724503.449214 0
1542724503.450433 0
1542724503.452827 17376
1542724503.454135 0
1542724503.456459 13032
1542724503.456568 0
1542724503.459183 47784
1542724503.459357 0
1542724503.469178 47784
1542724503.469336 0
1542724503.479170 47784
1542724503.479321 0
1542724503.489163 47784
1542724503.489321 0
1542724503.499193 47784
1542724503.499357 0
1542724503.509186 5792
1542724503.510356 47784
1542724503.510495 0
1542724503.510533 0
1542724503.520350 47784
1542724503.520487 0
1542724503.530379 47784
1542724503.530536 0
1542724503.540373 47784
1542724503.540524 0
1542724503.550326 47784
1542724503.550480 0
1542724503.560323 47784
1542724503.560465 0
1542724503.570313 47784
1542724503.570464 0
1542724503.580306 47784
1542724503.580444 0
1542724503.590297 47784
1542724503.590450 0
1542724503.600290 14480
1542724503.601590 0
1542724503.603319 47784
1542724503.603480 0
1542724503.613309 47784
1542724503.613454 0
1542724503.623302 4344
1542724503.624208 47784
1542724503.624345 0
1542724503.624393 0
1542724503.634203 47784
1542724503.634348 0
1542724503.644196 5792
1542724503.645405 5792
1542724503.645480 0
1542724503.646616 5792
1542724503.646690 0
1542724503.647827 5792
1542724503.647900 0
1542724503.649038 11584
1542724503.649110 0
1542724503.650346 0
1542724503.651463 30408
1542724503.652752 0
1542724503.657822 34752
1542724503.659089 0
1542724503.665089 36200
1542724503.666428 0
1542724503.672659 17376
1542724503.673965 0
1542724503.676292 11584
1542724503.677574 0
1542724503.678714 5792
1542724503.679924 7240
1542724503.679993 0
1542724503.681241 0
1542724503.681438 11584
1542724503.682678 0
1542724503.683864 5792
1542724503.685071 28960
1542724503.685147 0
1542724503.686402 0
1542724503.691128 24616
1542724503.692432 0
1542724503.696278 17376
1542724503.697537 0
1542724503.699913 28960
1542724503.701249 0
1542724503.705967 47784
1542724503.706133 0
1542724503.715963 47784
1542724503.716111 0
1542724503.725990 5792
1542724503.727160 5792
1542724503.727220 0
1542724503.728372 5792
1542724503.728447 0
1542724503.729583 11584
1542724503.729654 0
1542724503.730892 0
1542724503.732044 18824
1542724503.732187 0
1542724503.735981 2504
1542724503.736098 0
1542724503.736469 40544
1542724503.737860 0
1542724503.744987 47784
1542724503.745183 0
1542724503.754980 47784
1542724503.755133 0
1542724503.764972 47784
1542724503.765127 0
1542724503.774964 47784
1542724503.775114 0
1542724503.784957 47784
1542724503.785105 0
1542724503.794951 47784
1542724503.795115 0
1542724503.804942 47784
1542724503.805100 0
1542724503.814935 47784
1542724503.815089 0
1542724503.824890 47784
1542724503.825040 0
1542724503.834919 47784
1542724503.835071 0
1542724503.844911 36200
1542724503.846240 0
1542724503.852481 47784
1542724503.852660 0
1542724503.862473 47784
1542724503.862625 0
1542724503.872466 47784
1542724503.872616 0
1542724503.882458 28960
1542724503.883773 0
1542724503.888514 47784
1542724503.888689 0
1542724503.898506 47784
1542724503.898672 0
1542724503.908499 4344
1542724503.909367 47784
1542724503.909499 0
1542724503.909546 0
1542724503.919365 47784
1542724503.919513 0
1542724503.929358 47784
1542724503.929504 0
1542724503.939384 5792
1542724503.940556 11584
1542724503.940646 0
1542724503.941923 0
1542724503.943016 17376
1542724503.944391 0
1542724503.946652 47784
1542724503.946828 0
1542724503.956644 31856
1542724503.958016 0
1542724503.963305 296
1542724503.963466 0
1542724504.023682 0
